e:\5.vpe\3.框架程序\insvscpp\insvscpp\x64\debug\vc143.pdb
e:\5.vpe\3.框架程序\insvscpp\insvscpp\x64\debug\vc143.idb
e:\5.vpe\3.框架程序\insvscpp\insvscpp\x64\debug\main.obj
e:\5.vpe\3.框架程序\insvscpp\insvscpp\x64\debug\insshowimagetool.obj
e:\5.vpe\3.框架程序\insvscpp\insvscpp\x64\debug\insimageprocessingtool.obj
e:\5.vpe\3.框架程序\insvscpp\insvscpp\x64\debug\inscsharptocpp.obj
e:\5.vpe\3.框架程序\insvscpp\insvscpp\x64\debug\inscalibrationtool.obj
e:\5.vpe\3.框架程序\insvs\insnex\insvscpp.dll
e:\5.vpe\3.框架程序\insvs\insnex\insvscpp.pdb
e:\5.vpe\3.框架程序\insvs\insnex\insvscpp.lib
e:\5.vpe\3.框架程序\insvs\insnex\insvscpp.exp
e:\5.vpe\3.框架程序\insvscpp\insvscpp\x64\debug\insvscpp.ilk
e:\5.vpe\3.框架程序\insvscpp\insvscpp\x64\debug\insvscpp.tlog\cl.read.1.tlog
e:\5.vpe\3.框架程序\insvscpp\insvscpp\x64\debug\insvscpp.tlog\cl.write.1.tlog
e:\5.vpe\3.框架程序\insvscpp\insvscpp\x64\debug\insvscpp.tlog\cl.command.1.tlog
e:\5.vpe\3.框架程序\insvscpp\insvscpp\x64\debug\insvscpp.tlog\link.read.2.tlog
e:\5.vpe\3.框架程序\insvscpp\insvscpp\x64\debug\insvscpp.tlog\link.write.1.tlog
e:\5.vpe\3.框架程序\insvscpp\insvscpp\x64\debug\insvscpp.tlog\link.secondary.1.tlog
e:\5.vpe\3.框架程序\insvscpp\insvscpp\x64\debug\insvscpp.tlog\link.command.1.tlog
e:\5.vpe\3.框架程序\insvscpp\insvscpp\x64\debug\insvscpp.tlog\cl.items.tlog
